# JRE version: Java(TM) SE Runtime Environment (8.0_181-b13) (build 1.8.0_181-b13)
# Java VM: Java HotSpot(TM) 64-Bit Server VM (25.181-b13 mixed mode windows-amd64 compressed oops)
Heap:
 PSYoungGen      total 143872K, used 92851K [0x00000000da180000, 0x00000000e9900000, 0x0000000100000000)
  eden space 133120K, 61% used [0x00000000da180000,0x00000000df1b3388,0x00000000e2380000)
  from space 10752K, 99% used [0x00000000e2380000,0x00000000e2df9a70,0x00000000e2e00000)
  to   space 15872K, 0% used [0x00000000e8980000,0x00000000e8980000,0x00000000e9900000)
 ParOldGen       total 60928K, used 18869K [0x000000008e400000, 0x0000000091f80000, 0x00000000da180000)
  object space 60928K, 30% used [0x000000008e400000,0x000000008f66d608,0x0000000091f80000)
 Metaspace       used 32761K, capacity 33650K, committed 33920K, reserved 1079296K
  class space    used 3924K, capacity 4161K, committed 4224K, reserved 1048576K
GC Heap History (10 events):
Event: 2.406 GC heap before
{Heap before GC invocations=4 (full 0):
 PSYoungGen      total 38400K, used 38385K [0x00000000da180000, 0x00000000dec80000, 0x0000000100000000)
  eden space 33280K, 100% used [0x00000000da180000,0x00000000dc200000,0x00000000dc200000)
  from space 5120K, 99% used [0x00000000dc200000,0x00000000dc6fc488,0x00000000dc700000)
  to   space 5120K, 0% used [0x00000000de780000,0x00000000de780000,0x00000000dec80000)
 ParOldGen       total 87552K, used 300K [0x000000008e400000, 0x0000000093980000, 0x00000000da180000)
  object space 87552K, 0% used [0x000000008e400000,0x000000008e44b3a8,0x0000000093980000)
 Metaspace       used 16990K, capacity 17168K, committed 17408K, reserved 1064960K
  class space    used 1865K, capacity 1933K, committed 2048K, reserved 1048576K
Event: 2.419 GC heap after
Heap after GC invocations=4 (full 0):
 PSYoungGen      total 71680K, used 5110K [0x00000000da180000, 0x00000000dec80000, 0x0000000100000000)
  eden space 66560K, 0% used [0x00000000da180000,0x00000000da180000,0x00000000de280000)
  from space 5120K, 99% used [0x00000000de780000,0x00000000dec7daa0,0x00000000dec80000)
  to   space 5120K, 0% used [0x00000000de280000,0x00000000de280000,0x00000000de780000)
 ParOldGen       total 87552K, used 3348K [0x000000008e400000, 0x0000000093980000, 0x00000000da180000)
  object space 87552K, 3% used [0x000000008e400000,0x000000008e745160,0x0000000093980000)
 Metaspace       used 16990K, capacity 17168K, committed 17408K, reserved 1064960K
  class space    used 1865K, capacity 1933K, committed 2048K, reserved 1048576K
}
Event: 3.462 GC heap before
{Heap before GC invocations=5 (full 0):
 PSYoungGen      total 71680K, used 71670K [0x00000000da180000, 0x00000000dec80000, 0x0000000100000000)
  eden space 66560K, 100% used [0x00000000da180000,0x00000000de280000,0x00000000de280000)
  from space 5120K, 99% used [0x00000000de780000,0x00000000dec7daa0,0x00000000dec80000)
  to   space 5120K, 0% used [0x00000000de280000,0x00000000de280000,0x00000000de780000)
 ParOldGen       total 87552K, used 3348K [0x000000008e400000, 0x0000000093980000, 0x00000000da180000)
  object space 87552K, 3% used [0x000000008e400000,0x000000008e745160,0x0000000093980000)
 Metaspace       used 20795K, capacity 21088K, committed 21296K, reserved 1069056K
  class space    used 2297K, capacity 2406K, committed 2432K, reserved 1048576K
Event: 3.489 GC heap after
Heap after GC invocations=5 (full 0):
 PSYoungGen      total 71680K, used 5104K [0x00000000da180000, 0x00000000e3980000, 0x0000000100000000)
  eden space 66560K, 0% used [0x00000000da180000,0x00000000da180000,0x00000000de280000)
  from space 5120K, 99% used [0x00000000de280000,0x00000000de77c010,0x00000000de780000)
  to   space 11264K, 0% used [0x00000000e2e80000,0x00000000e2e80000,0x00000000e3980000)
 ParOldGen       total 87552K, used 8722K [0x000000008e400000, 0x0000000093980000, 0x00000000da180000)
  object space 87552K, 9% used [0x000000008e400000,0x000000008ec84ae8,0x0000000093980000)
 Metaspace       used 20795K, capacity 21088K, committed 21296K, reserved 1069056K
  class space    used 2297K, capacity 2406K, committed 2432K, reserved 1048576K
}
Event: 3.603 GC heap before
{Heap before GC invocations=6 (full 0):
 PSYoungGen      total 71680K, used 26288K [0x00000000da180000, 0x00000000e3980000, 0x0000000100000000)
  eden space 66560K, 31% used [0x00000000da180000,0x00000000db630128,0x00000000de280000)
  from space 5120K, 99% used [0x00000000de280000,0x00000000de77c010,0x00000000de780000)
  to   space 11264K, 0% used [0x00000000e2e80000,0x00000000e2e80000,0x00000000e3980000)
 ParOldGen       total 87552K, used 8722K [0x000000008e400000, 0x0000000093980000, 0x00000000da180000)
  object space 87552K, 9% used [0x000000008e400000,0x000000008ec84ae8,0x0000000093980000)
 Metaspace       used 20909K, capacity 21152K, committed 21296K, reserved 1069056K
  class space    used 2300K, capacity 2406K, committed 2432K, reserved 1048576K
Event: 3.624 GC heap after
Heap after GC invocations=6 (full 0):
 PSYoungGen      total 143360K, used 5269K [0x00000000da180000, 0x00000000e3880000, 0x0000000100000000)
  eden space 133120K, 0% used [0x00000000da180000,0x00000000da180000,0x00000000e2380000)
  from space 10240K, 51% used [0x00000000e2e80000,0x00000000e33a5608,0x00000000e3880000)
  to   space 10752K, 0% used [0x00000000e2380000,0x00000000e2380000,0x00000000e2e00000)
 ParOldGen       total 87552K, used 8722K [0x000000008e400000, 0x0000000093980000, 0x00000000da180000)
  object space 87552K, 9% used [0x000000008e400000,0x000000008ec84ae8,0x0000000093980000)
 Metaspace       used 20909K, capacity 21152K, committed 21296K, reserved 1069056K
  class space    used 2300K, capacity 2406K, committed 2432K, reserved 1048576K
}
Event: 3.624 GC heap before
{Heap before GC invocations=7 (full 1):
 PSYoungGen      total 143360K, used 5269K [0x00000000da180000, 0x00000000e3880000, 0x0000000100000000)
  eden space 133120K, 0% used [0x00000000da180000,0x00000000da180000,0x00000000e2380000)
  from space 10240K, 51% used [0x00000000e2e80000,0x00000000e33a5608,0x00000000e3880000)
  to   space 10752K, 0% used [0x00000000e2380000,0x00000000e2380000,0x00000000e2e00000)
 ParOldGen       total 87552K, used 8722K [0x000000008e400000, 0x0000000093980000, 0x00000000da180000)
  object space 87552K, 9% used [0x000000008e400000,0x000000008ec84ae8,0x0000000093980000)
 Metaspace       used 20909K, capacity 21152K, committed 21296K, reserved 1069056K
  class space    used 2300K, capacity 2406K, committed 2432K, reserved 1048576K
Event: 3.716 GC heap after
Heap after GC invocations=7 (full 1):
 PSYoungGen      total 143360K, used 0K [0x00000000da180000, 0x00000000e3880000, 0x0000000100000000)
  eden space 133120K, 0% used [0x00000000da180000,0x00000000da180000,0x00000000e2380000)
  from space 10240K, 0% used [0x00000000e2e80000,0x00000000e2e80000,0x00000000e3880000)
  to   space 10752K, 0% used [0x00000000e2380000,0x00000000e2380000,0x00000000e2e00000)
 ParOldGen       total 60928K, used 11379K [0x000000008e400000, 0x0000000091f80000, 0x00000000da180000)
  object space 60928K, 18% used [0x000000008e400000,0x000000008ef1cd70,0x0000000091f80000)
 Metaspace       used 20909K, capacity 21152K, committed 21296K, reserved 1069056K
  class space    used 2300K, capacity 2406K, committed 2432K, reserved 1048576K
}
Event: 5.227 GC heap before
{Heap before GC invocations=8 (full 1):
 PSYoungGen      total 143360K, used 133120K [0x00000000da180000, 0x00000000e3880000, 0x0000000100000000)
  eden space 133120K, 100% used [0x00000000da180000,0x00000000e2380000,0x00000000e2380000)
  from space 10240K, 0% used [0x00000000e2e80000,0x00000000e2e80000,0x00000000e3880000)
  to   space 10752K, 0% used [0x00000000e2380000,0x00000000e2380000,0x00000000e2e00000)
 ParOldGen       total 60928K, used 11379K [0x000000008e400000, 0x0000000091f80000, 0x00000000da180000)
  object space 60928K, 18% used [0x000000008e400000,0x000000008ef1cd70,0x0000000091f80000)
 Metaspace       used 25813K, capacity 26196K, committed 26368K, reserved 1073152K
  class space    used 2905K, capacity 3034K, committed 3072K, reserved 1048576K
Event: 5.276 GC heap after
Heap after GC invocations=8 (full 1):
 PSYoungGen      total 143872K, used 10726K [0x00000000da180000, 0x00000000e9900000, 0x0000000100000000)
  eden space 133120K, 0% used [0x00000000da180000,0x00000000da180000,0x00000000e2380000)
  from space 10752K, 99% used [0x00000000e2380000,0x00000000e2df9a70,0x00000000e2e00000)
  to   space 15872K, 0% used [0x00000000e8980000,0x00000000e8980000,0x00000000e9900000)
 ParOldGen       total 60928K, used 18869K [0x000000008e400000, 0x0000000091f80000, 0x00000000da180000)
  object space 60928K, 30% used [0x000000008e400000,0x000000008f66d608,0x0000000091f80000)
 Metaspace       used 25813K, capacity 26196K, committed 26368K, reserved 1073152K
  class space    used 2905K, capacity 3034K, committed 3072K, reserved 1048576K
}

