# JRE version: Java(TM) SE Runtime Environment (8.0_181-b13) (build 1.8.0_181-b13)
# Java VM: Java HotSpot(TM) 64-Bit Server VM (25.181-b13 mixed mode windows-amd64 compressed oops)
Heap:
 PSYoungGen      total 143872K, used 53047K [0x00000000da180000, 0x00000000e9b80000, 0x0000000100000000)
  eden space 133120K, 31% used [0x00000000da180000,0x00000000dcad32d8,0x00000000e2380000)
  from space 10752K, 99% used [0x00000000e2380000,0x00000000e2dfaa68,0x00000000e2e00000)
  to   space 15872K, 0% used [0x00000000e8c00000,0x00000000e8c00000,0x00000000e9b80000)
 ParOldGen       total 59904K, used 18878K [0x000000008e400000, 0x0000000091e80000, 0x00000000da180000)
  object space 59904K, 31% used [0x000000008e400000,0x000000008f66fad8,0x0000000091e80000)
 Metaspace       used 28374K, capacity 28730K, committed 28800K, reserved 1075200K
  class space    used 3303K, capacity 3423K, committed 3456K, reserved 1048576K
GC Heap History (10 events):
Event: 2.991 GC heap before
{Heap before GC invocations=4 (full 0):
 PSYoungGen      total 38400K, used 38385K [0x00000000da180000, 0x00000000dec80000, 0x0000000100000000)
  eden space 33280K, 100% used [0x00000000da180000,0x00000000dc200000,0x00000000dc200000)
  from space 5120K, 99% used [0x00000000dc200000,0x00000000dc6fc488,0x00000000dc700000)
  to   space 5120K, 0% used [0x00000000de780000,0x00000000de780000,0x00000000dec80000)
 ParOldGen       total 87552K, used 300K [0x000000008e400000, 0x0000000093980000, 0x00000000da180000)
  object space 87552K, 0% used [0x000000008e400000,0x000000008e44b3a8,0x0000000093980000)
 Metaspace       used 17002K, capacity 17184K, committed 17408K, reserved 1064960K
  class space    used 1866K, capacity 1933K, committed 2048K, reserved 1048576K
Event: 3.003 GC heap after
Heap after GC invocations=4 (full 0):
 PSYoungGen      total 71680K, used 5107K [0x00000000da180000, 0x00000000dec80000, 0x0000000100000000)
  eden space 66560K, 0% used [0x00000000da180000,0x00000000da180000,0x00000000de280000)
  from space 5120K, 99% used [0x00000000de780000,0x00000000dec7cc38,0x00000000dec80000)
  to   space 5120K, 0% used [0x00000000de280000,0x00000000de280000,0x00000000de780000)
 ParOldGen       total 87552K, used 3422K [0x000000008e400000, 0x0000000093980000, 0x00000000da180000)
  object space 87552K, 3% used [0x000000008e400000,0x000000008e7578c0,0x0000000093980000)
 Metaspace       used 17002K, capacity 17184K, committed 17408K, reserved 1064960K
  class space    used 1866K, capacity 1933K, committed 2048K, reserved 1048576K
}
Event: 4.022 GC heap before
{Heap before GC invocations=5 (full 0):
 PSYoungGen      total 71680K, used 71667K [0x00000000da180000, 0x00000000dec80000, 0x0000000100000000)
  eden space 66560K, 100% used [0x00000000da180000,0x00000000de280000,0x00000000de280000)
  from space 5120K, 99% used [0x00000000de780000,0x00000000dec7cc38,0x00000000dec80000)
  to   space 5120K, 0% used [0x00000000de280000,0x00000000de280000,0x00000000de780000)
 ParOldGen       total 87552K, used 3422K [0x000000008e400000, 0x0000000093980000, 0x00000000da180000)
  object space 87552K, 3% used [0x000000008e400000,0x000000008e7578c0,0x0000000093980000)
 Metaspace       used 20819K, capacity 21104K, committed 21296K, reserved 1069056K
  class space    used 2297K, capacity 2406K, committed 2432K, reserved 1048576K
Event: 4.053 GC heap after
Heap after GC invocations=5 (full 0):
 PSYoungGen      total 71680K, used 5104K [0x00000000da180000, 0x00000000e3980000, 0x0000000100000000)
  eden space 66560K, 0% used [0x00000000da180000,0x00000000da180000,0x00000000de280000)
  from space 5120K, 99% used [0x00000000de280000,0x00000000de77c010,0x00000000de780000)
  to   space 11264K, 0% used [0x00000000e2e80000,0x00000000e2e80000,0x00000000e3980000)
 ParOldGen       total 87552K, used 8770K [0x000000008e400000, 0x0000000093980000, 0x00000000da180000)
  object space 87552K, 10% used [0x000000008e400000,0x000000008ec90b28,0x0000000093980000)
 Metaspace       used 20819K, capacity 21104K, committed 21296K, reserved 1069056K
  class space    used 2297K, capacity 2406K, committed 2432K, reserved 1048576K
}
Event: 4.166 GC heap before
{Heap before GC invocations=6 (full 0):
 PSYoungGen      total 71680K, used 26214K [0x00000000da180000, 0x00000000e3980000, 0x0000000100000000)
  eden space 66560K, 31% used [0x00000000da180000,0x00000000db61db10,0x00000000de280000)
  from space 5120K, 99% used [0x00000000de280000,0x00000000de77c010,0x00000000de780000)
  to   space 11264K, 0% used [0x00000000e2e80000,0x00000000e2e80000,0x00000000e3980000)
 ParOldGen       total 87552K, used 8770K [0x000000008e400000, 0x0000000093980000, 0x00000000da180000)
  object space 87552K, 10% used [0x000000008e400000,0x000000008ec90b28,0x0000000093980000)
 Metaspace       used 20920K, capacity 21168K, committed 21296K, reserved 1069056K
  class space    used 2300K, capacity 2406K, committed 2432K, reserved 1048576K
Event: 4.187 GC heap after
Heap after GC invocations=6 (full 0):
 PSYoungGen      total 143360K, used 5285K [0x00000000da180000, 0x00000000e3880000, 0x0000000100000000)
  eden space 133120K, 0% used [0x00000000da180000,0x00000000da180000,0x00000000e2380000)
  from space 10240K, 51% used [0x00000000e2e80000,0x00000000e33a95f8,0x00000000e3880000)
  to   space 10752K, 0% used [0x00000000e2380000,0x00000000e2380000,0x00000000e2e00000)
 ParOldGen       total 87552K, used 8770K [0x000000008e400000, 0x0000000093980000, 0x00000000da180000)
  object space 87552K, 10% used [0x000000008e400000,0x000000008ec90b28,0x0000000093980000)
 Metaspace       used 20920K, capacity 21168K, committed 21296K, reserved 1069056K
  class space    used 2300K, capacity 2406K, committed 2432K, reserved 1048576K
}
Event: 4.187 GC heap before
{Heap before GC invocations=7 (full 1):
 PSYoungGen      total 143360K, used 5285K [0x00000000da180000, 0x00000000e3880000, 0x0000000100000000)
  eden space 133120K, 0% used [0x00000000da180000,0x00000000da180000,0x00000000e2380000)
  from space 10240K, 51% used [0x00000000e2e80000,0x00000000e33a95f8,0x00000000e3880000)
  to   space 10752K, 0% used [0x00000000e2380000,0x00000000e2380000,0x00000000e2e00000)
 ParOldGen       total 87552K, used 8770K [0x000000008e400000, 0x0000000093980000, 0x00000000da180000)
  object space 87552K, 10% used [0x000000008e400000,0x000000008ec90b28,0x0000000093980000)
 Metaspace       used 20920K, capacity 21168K, committed 21296K, reserved 1069056K
  class space    used 2300K, capacity 2406K, committed 2432K, reserved 1048576K
Event: 4.272 GC heap after
Heap after GC invocations=7 (full 1):
 PSYoungGen      total 143360K, used 0K [0x00000000da180000, 0x00000000e3880000, 0x0000000100000000)
  eden space 133120K, 0% used [0x00000000da180000,0x00000000da180000,0x00000000e2380000)
  from space 10240K, 0% used [0x00000000e2e80000,0x00000000e2e80000,0x00000000e3880000)
  to   space 10752K, 0% used [0x00000000e2380000,0x00000000e2380000,0x00000000e2e00000)
 ParOldGen       total 59904K, used 11372K [0x000000008e400000, 0x0000000091e80000, 0x00000000da180000)
  object space 59904K, 18% used [0x000000008e400000,0x000000008ef1b1e0,0x0000000091e80000)
 Metaspace       used 20920K, capacity 21168K, committed 21296K, reserved 1069056K
  class space    used 2300K, capacity 2406K, committed 2432K, reserved 1048576K
}
Event: 5.813 GC heap before
{Heap before GC invocations=8 (full 1):
 PSYoungGen      total 143360K, used 133120K [0x00000000da180000, 0x00000000e3880000, 0x0000000100000000)
  eden space 133120K, 100% used [0x00000000da180000,0x00000000e2380000,0x00000000e2380000)
  from space 10240K, 0% used [0x00000000e2e80000,0x00000000e2e80000,0x00000000e3880000)
  to   space 10752K, 0% used [0x00000000e2380000,0x00000000e2380000,0x00000000e2e00000)
 ParOldGen       total 59904K, used 11372K [0x000000008e400000, 0x0000000091e80000, 0x00000000da180000)
  object space 59904K, 18% used [0x000000008e400000,0x000000008ef1b1e0,0x0000000091e80000)
 Metaspace       used 25820K, capacity 26116K, committed 26368K, reserved 1073152K
  class space    used 2898K, capacity 3002K, committed 3072K, reserved 1048576K
Event: 5.843 GC heap after
Heap after GC invocations=8 (full 1):
 PSYoungGen      total 143872K, used 10730K [0x00000000da180000, 0x00000000e9b80000, 0x0000000100000000)
  eden space 133120K, 0% used [0x00000000da180000,0x00000000da180000,0x00000000e2380000)
  from space 10752K, 99% used [0x00000000e2380000,0x00000000e2dfaa68,0x00000000e2e00000)
  to   space 15872K, 0% used [0x00000000e8c00000,0x00000000e8c00000,0x00000000e9b80000)
 ParOldGen       total 59904K, used 18878K [0x000000008e400000, 0x0000000091e80000, 0x00000000da180000)
  object space 59904K, 31% used [0x000000008e400000,0x000000008f66fad8,0x0000000091e80000)
 Metaspace       used 25820K, capacity 26116K, committed 26368K, reserved 1073152K
  class space    used 2898K, capacity 3002K, committed 3072K, reserved 1048576K
}

