# JRE version: Java(TM) SE Runtime Environment (8.0_181-b13) (build 1.8.0_181-b13)
# Java VM: Java HotSpot(TM) 64-Bit Server VM (25.181-b13 mixed mode windows-amd64 compressed oops)
Heap:
 PSYoungGen      total 249344K, used 146396K [0x00000000da180000, 0x00000000eb880000, 0x0000000100000000)
  eden space 238592K, 56% used [0x00000000da180000,0x00000000e25fcfa0,0x00000000e8a80000)
  from space 10752K, 99% used [0x00000000eae00000,0x00000000eb87a0a0,0x00000000eb880000)
  to   space 14336K, 0% used [0x00000000e9c80000,0x00000000e9c80000,0x00000000eaa80000)
 ParOldGen       total 58880K, used 20070K [0x000000008e400000, 0x0000000091d80000, 0x00000000da180000)
  object space 58880K, 34% used [0x000000008e400000,0x000000008f799840,0x0000000091d80000)
 Metaspace       used 33359K, capacity 34308K, committed 34432K, reserved 1079296K
  class space    used 3968K, capacity 4194K, committed 4224K, reserved 1048576K
GC Heap History (10 events):
Event: 2.983 GC heap before
{Heap before GC invocations=5 (full 0):
 PSYoungGen      total 71680K, used 71655K [0x00000000da180000, 0x00000000dec80000, 0x0000000100000000)
  eden space 66560K, 100% used [0x00000000da180000,0x00000000de280000,0x00000000de280000)
  from space 5120K, 99% used [0x00000000de780000,0x00000000dec79cb8,0x00000000dec80000)
  to   space 5120K, 0% used [0x00000000de280000,0x00000000de280000,0x00000000de780000)
 ParOldGen       total 87552K, used 3341K [0x000000008e400000, 0x0000000093980000, 0x00000000da180000)
  object space 87552K, 3% used [0x000000008e400000,0x000000008e743648,0x0000000093980000)
 Metaspace       used 19987K, capacity 20258K, committed 20608K, reserved 1067008K
  class space    used 2231K, capacity 2341K, committed 2432K, reserved 1048576K
Event: 3.000 GC heap after
Heap after GC invocations=5 (full 0):
 PSYoungGen      total 71680K, used 5104K [0x00000000da180000, 0x00000000e3780000, 0x0000000100000000)
  eden space 66560K, 0% used [0x00000000da180000,0x00000000da180000,0x00000000de280000)
  from space 5120K, 99% used [0x00000000de280000,0x00000000de77c370,0x00000000de780000)
  to   space 10240K, 0% used [0x00000000e2d80000,0x00000000e2d80000,0x00000000e3780000)
 ParOldGen       total 87552K, used 7656K [0x000000008e400000, 0x0000000093980000, 0x00000000da180000)
  object space 87552K, 8% used [0x000000008e400000,0x000000008eb7a290,0x0000000093980000)
 Metaspace       used 19987K, capacity 20258K, committed 20608K, reserved 1067008K
  class space    used 2231K, capacity 2341K, committed 2432K, reserved 1048576K
}
Event: 3.546 GC heap before
{Heap before GC invocations=6 (full 0):
 PSYoungGen      total 71680K, used 71664K [0x00000000da180000, 0x00000000e3780000, 0x0000000100000000)
  eden space 66560K, 100% used [0x00000000da180000,0x00000000de280000,0x00000000de280000)
  from space 5120K, 99% used [0x00000000de280000,0x00000000de77c370,0x00000000de780000)
  to   space 10240K, 0% used [0x00000000e2d80000,0x00000000e2d80000,0x00000000e3780000)
 ParOldGen       total 87552K, used 7656K [0x000000008e400000, 0x0000000093980000, 0x00000000da180000)
  object space 87552K, 8% used [0x000000008e400000,0x000000008eb7a290,0x0000000093980000)
 Metaspace       used 20959K, capacity 21192K, committed 21296K, reserved 1069056K
  class space    used 2312K, capacity 2413K, committed 2432K, reserved 1048576K
Event: 3.566 GC heap after
Heap after GC invocations=6 (full 0):
 PSYoungGen      total 142336K, used 8950K [0x00000000da180000, 0x00000000e3980000, 0x0000000100000000)
  eden space 132096K, 0% used [0x00000000da180000,0x00000000da180000,0x00000000e2280000)
  from space 10240K, 87% used [0x00000000e2d80000,0x00000000e363dbb0,0x00000000e3780000)
  to   space 11264K, 0% used [0x00000000e2280000,0x00000000e2280000,0x00000000e2d80000)
 ParOldGen       total 87552K, used 7656K [0x000000008e400000, 0x0000000093980000, 0x00000000da180000)
  object space 87552K, 8% used [0x000000008e400000,0x000000008eb7a290,0x0000000093980000)
 Metaspace       used 20959K, capacity 21192K, committed 21296K, reserved 1069056K
  class space    used 2312K, capacity 2413K, committed 2432K, reserved 1048576K
}
Event: 3.576 GC heap before
{Heap before GC invocations=7 (full 0):
 PSYoungGen      total 142336K, used 11576K [0x00000000da180000, 0x00000000e3980000, 0x0000000100000000)
  eden space 132096K, 1% used [0x00000000da180000,0x00000000da4105d0,0x00000000e2280000)
  from space 10240K, 87% used [0x00000000e2d80000,0x00000000e363dbb0,0x00000000e3780000)
  to   space 11264K, 0% used [0x00000000e2280000,0x00000000e2280000,0x00000000e2d80000)
 ParOldGen       total 87552K, used 7656K [0x000000008e400000, 0x0000000093980000, 0x00000000da180000)
  object space 87552K, 8% used [0x000000008e400000,0x000000008eb7a290,0x0000000093980000)
 Metaspace       used 20960K, capacity 21192K, committed 21296K, reserved 1069056K
  class space    used 2312K, capacity 2413K, committed 2432K, reserved 1048576K
Event: 3.605 GC heap after
Heap after GC invocations=7 (full 0):
 PSYoungGen      total 143360K, used 6384K [0x00000000da180000, 0x00000000eb880000, 0x0000000100000000)
  eden space 132096K, 0% used [0x00000000da180000,0x00000000da180000,0x00000000e2280000)
  from space 11264K, 56% used [0x00000000e2280000,0x00000000e28bc010,0x00000000e2d80000)
  to   space 10752K, 0% used [0x00000000eae00000,0x00000000eae00000,0x00000000eb880000)
 ParOldGen       total 87552K, used 9700K [0x000000008e400000, 0x0000000093980000, 0x00000000da180000)
  object space 87552K, 11% used [0x000000008e400000,0x000000008ed79070,0x0000000093980000)
 Metaspace       used 20960K, capacity 21192K, committed 21296K, reserved 1069056K
  class space    used 2312K, capacity 2413K, committed 2432K, reserved 1048576K
}
Event: 3.605 GC heap before
{Heap before GC invocations=8 (full 1):
 PSYoungGen      total 143360K, used 6384K [0x00000000da180000, 0x00000000eb880000, 0x0000000100000000)
  eden space 132096K, 0% used [0x00000000da180000,0x00000000da180000,0x00000000e2280000)
  from space 11264K, 56% used [0x00000000e2280000,0x00000000e28bc010,0x00000000e2d80000)
  to   space 10752K, 0% used [0x00000000eae00000,0x00000000eae00000,0x00000000eb880000)
 ParOldGen       total 87552K, used 9700K [0x000000008e400000, 0x0000000093980000, 0x00000000da180000)
  object space 87552K, 11% used [0x000000008e400000,0x000000008ed79070,0x0000000093980000)
 Metaspace       used 20960K, capacity 21192K, committed 21296K, reserved 1069056K
  class space    used 2312K, capacity 2413K, committed 2432K, reserved 1048576K
Event: 3.746 GC heap after
Heap after GC invocations=8 (full 1):
 PSYoungGen      total 143360K, used 0K [0x00000000da180000, 0x00000000eb880000, 0x0000000100000000)
  eden space 132096K, 0% used [0x00000000da180000,0x00000000da180000,0x00000000e2280000)
  from space 11264K, 0% used [0x00000000e2280000,0x00000000e2280000,0x00000000e2d80000)
  to   space 10752K, 0% used [0x00000000eae00000,0x00000000eae00000,0x00000000eb880000)
 ParOldGen       total 58880K, used 15114K [0x000000008e400000, 0x0000000091d80000, 0x00000000da180000)
  object space 58880K, 25% used [0x000000008e400000,0x000000008f2c2bd0,0x0000000091d80000)
 Metaspace       used 20960K, capacity 21192K, committed 21296K, reserved 1069056K
  class space    used 2312K, capacity 2413K, committed 2432K, reserved 1048576K
}
Event: 5.319 GC heap before
{Heap before GC invocations=9 (full 1):
 PSYoungGen      total 143360K, used 132096K [0x00000000da180000, 0x00000000eb880000, 0x0000000100000000)
  eden space 132096K, 100% used [0x00000000da180000,0x00000000e2280000,0x00000000e2280000)
  from space 11264K, 0% used [0x00000000e2280000,0x00000000e2280000,0x00000000e2d80000)
  to   space 10752K, 0% used [0x00000000eae00000,0x00000000eae00000,0x00000000eb880000)
 ParOldGen       total 58880K, used 15114K [0x000000008e400000, 0x0000000091d80000, 0x00000000da180000)
  object space 58880K, 25% used [0x000000008e400000,0x000000008f2c2bd0,0x0000000091d80000)
 Metaspace       used 25877K, capacity 26300K, committed 26624K, reserved 1073152K
  class space    used 2908K, capacity 3041K, committed 3072K, reserved 1048576K
Event: 5.362 GC heap after
Heap after GC invocations=9 (full 1):
 PSYoungGen      total 249344K, used 10728K [0x00000000da180000, 0x00000000eb880000, 0x0000000100000000)
  eden space 238592K, 0% used [0x00000000da180000,0x00000000da180000,0x00000000e8a80000)
  from space 10752K, 99% used [0x00000000eae00000,0x00000000eb87a0a0,0x00000000eb880000)
  to   space 14336K, 0% used [0x00000000e9c80000,0x00000000e9c80000,0x00000000eaa80000)
 ParOldGen       total 58880K, used 20070K [0x000000008e400000, 0x0000000091d80000, 0x00000000da180000)
  object space 58880K, 34% used [0x000000008e400000,0x000000008f799840,0x0000000091d80000)
 Metaspace       used 25877K, capacity 26300K, committed 26624K, reserved 1073152K
  class space    used 2908K, capacity 3041K, committed 3072K, reserved 1048576K
}

