# JRE version: Java(TM) SE Runtime Environment (8.0_181-b13) (build 1.8.0_181-b13)
# Java VM: Java HotSpot(TM) 64-Bit Server VM (25.181-b13 mixed mode windows-amd64 compressed oops)
Heap:
 PSYoungGen      total 143872K, used 143871K [0x00000000da180000, 0x00000000e9600000, 0x0000000100000000)
  eden space 133120K, 100% used [0x00000000da180000,0x00000000e2380000,0x00000000e2380000)
  from space 10752K, 99% used [0x00000000e2380000,0x00000000e2dffce0,0x00000000e2e00000)
  to   space 15872K, 0% used [0x00000000e8680000,0x00000000e8680000,0x00000000e9600000)
 ParOldGen       total 60928K, used 18836K [0x000000008e400000, 0x0000000091f80000, 0x00000000da180000)
  object space 60928K, 30% used [0x000000008e400000,0x000000008f6650d0,0x0000000091f80000)
 Metaspace       used 33212K, capacity 34204K, committed 34432K, reserved 1079296K
  class space    used 3962K, capacity 4187K, committed 4224K, reserved 1048576K
GC Heap History (10 events):
Event: 2.188 GC heap before
{Heap before GC invocations=4 (full 0):
 PSYoungGen      total 38400K, used 38372K [0x00000000da180000, 0x00000000dec80000, 0x0000000100000000)
  eden space 33280K, 100% used [0x00000000da180000,0x00000000dc200000,0x00000000dc200000)
  from space 5120K, 99% used [0x00000000dc200000,0x00000000dc6f9250,0x00000000dc700000)
  to   space 5120K, 0% used [0x00000000de780000,0x00000000de780000,0x00000000dec80000)
 ParOldGen       total 87552K, used 292K [0x000000008e400000, 0x0000000093980000, 0x00000000da180000)
  object space 87552K, 0% used [0x000000008e400000,0x000000008e4493a8,0x0000000093980000)
 Metaspace       used 17031K, capacity 17232K, committed 17664K, reserved 1064960K
  class space    used 1867K, capacity 1933K, committed 2048K, reserved 1048576K
Event: 2.203 GC heap after
Heap after GC invocations=4 (full 0):
 PSYoungGen      total 71680K, used 5111K [0x00000000da180000, 0x00000000dec80000, 0x0000000100000000)
  eden space 66560K, 0% used [0x00000000da180000,0x00000000da180000,0x00000000de280000)
  from space 5120K, 99% used [0x00000000de780000,0x00000000dec7dcc8,0x00000000dec80000)
  to   space 5120K, 0% used [0x00000000de280000,0x00000000de280000,0x00000000de780000)
 ParOldGen       total 87552K, used 3372K [0x000000008e400000, 0x0000000093980000, 0x00000000da180000)
  object space 87552K, 3% used [0x000000008e400000,0x000000008e74b1f8,0x0000000093980000)
 Metaspace       used 17031K, capacity 17232K, committed 17664K, reserved 1064960K
  class space    used 1867K, capacity 1933K, committed 2048K, reserved 1048576K
}
Event: 3.247 GC heap before
{Heap before GC invocations=5 (full 0):
 PSYoungGen      total 71680K, used 71671K [0x00000000da180000, 0x00000000dec80000, 0x0000000100000000)
  eden space 66560K, 100% used [0x00000000da180000,0x00000000de280000,0x00000000de280000)
  from space 5120K, 99% used [0x00000000de780000,0x00000000dec7dcc8,0x00000000dec80000)
  to   space 5120K, 0% used [0x00000000de280000,0x00000000de280000,0x00000000de780000)
 ParOldGen       total 87552K, used 3372K [0x000000008e400000, 0x0000000093980000, 0x00000000da180000)
  object space 87552K, 3% used [0x000000008e400000,0x000000008e74b1f8,0x0000000093980000)
 Metaspace       used 20823K, capacity 21088K, committed 21296K, reserved 1069056K
  class space    used 2298K, capacity 2406K, committed 2432K, reserved 1048576K
Event: 3.281 GC heap after
Heap after GC invocations=5 (full 0):
 PSYoungGen      total 71680K, used 5090K [0x00000000da180000, 0x00000000e3980000, 0x0000000100000000)
  eden space 66560K, 0% used [0x00000000da180000,0x00000000da180000,0x00000000de280000)
  from space 5120K, 99% used [0x00000000de280000,0x00000000de7789e0,0x00000000de780000)
  to   space 11264K, 0% used [0x00000000e2e80000,0x00000000e2e80000,0x00000000e3980000)
 ParOldGen       total 87552K, used 8728K [0x000000008e400000, 0x0000000093980000, 0x00000000da180000)
  object space 87552K, 9% used [0x000000008e400000,0x000000008ec862b0,0x0000000093980000)
 Metaspace       used 20823K, capacity 21088K, committed 21296K, reserved 1069056K
  class space    used 2298K, capacity 2406K, committed 2432K, reserved 1048576K
}
Event: 3.405 GC heap before
{Heap before GC invocations=6 (full 0):
 PSYoungGen      total 71680K, used 26204K [0x00000000da180000, 0x00000000e3980000, 0x0000000100000000)
  eden space 66560K, 31% used [0x00000000da180000,0x00000000db61e808,0x00000000de280000)
  from space 5120K, 99% used [0x00000000de280000,0x00000000de7789e0,0x00000000de780000)
  to   space 11264K, 0% used [0x00000000e2e80000,0x00000000e2e80000,0x00000000e3980000)
 ParOldGen       total 87552K, used 8728K [0x000000008e400000, 0x0000000093980000, 0x00000000da180000)
  object space 87552K, 9% used [0x000000008e400000,0x000000008ec862b0,0x0000000093980000)
 Metaspace       used 20919K, capacity 21152K, committed 21296K, reserved 1069056K
  class space    used 2301K, capacity 2406K, committed 2432K, reserved 1048576K
Event: 3.427 GC heap after
Heap after GC invocations=6 (full 0):
 PSYoungGen      total 143360K, used 5255K [0x00000000da180000, 0x00000000e3880000, 0x0000000100000000)
  eden space 133120K, 0% used [0x00000000da180000,0x00000000da180000,0x00000000e2380000)
  from space 10240K, 51% used [0x00000000e2e80000,0x00000000e33a1fb8,0x00000000e3880000)
  to   space 10752K, 0% used [0x00000000e2380000,0x00000000e2380000,0x00000000e2e00000)
 ParOldGen       total 87552K, used 8728K [0x000000008e400000, 0x0000000093980000, 0x00000000da180000)
  object space 87552K, 9% used [0x000000008e400000,0x000000008ec862b0,0x0000000093980000)
 Metaspace       used 20919K, capacity 21152K, committed 21296K, reserved 1069056K
  class space    used 2301K, capacity 2406K, committed 2432K, reserved 1048576K
}
Event: 3.427 GC heap before
{Heap before GC invocations=7 (full 1):
 PSYoungGen      total 143360K, used 5255K [0x00000000da180000, 0x00000000e3880000, 0x0000000100000000)
  eden space 133120K, 0% used [0x00000000da180000,0x00000000da180000,0x00000000e2380000)
  from space 10240K, 51% used [0x00000000e2e80000,0x00000000e33a1fb8,0x00000000e3880000)
  to   space 10752K, 0% used [0x00000000e2380000,0x00000000e2380000,0x00000000e2e00000)
 ParOldGen       total 87552K, used 8728K [0x000000008e400000, 0x0000000093980000, 0x00000000da180000)
  object space 87552K, 9% used [0x000000008e400000,0x000000008ec862b0,0x0000000093980000)
 Metaspace       used 20919K, capacity 21152K, committed 21296K, reserved 1069056K
  class space    used 2301K, capacity 2406K, committed 2432K, reserved 1048576K
Event: 3.511 GC heap after
Heap after GC invocations=7 (full 1):
 PSYoungGen      total 143360K, used 0K [0x00000000da180000, 0x00000000e3880000, 0x0000000100000000)
  eden space 133120K, 0% used [0x00000000da180000,0x00000000da180000,0x00000000e2380000)
  from space 10240K, 0% used [0x00000000e2e80000,0x00000000e2e80000,0x00000000e3880000)
  to   space 10752K, 0% used [0x00000000e2380000,0x00000000e2380000,0x00000000e2e00000)
 ParOldGen       total 60928K, used 11372K [0x000000008e400000, 0x0000000091f80000, 0x00000000da180000)
  object space 60928K, 18% used [0x000000008e400000,0x000000008ef1b3d0,0x0000000091f80000)
 Metaspace       used 20919K, capacity 21152K, committed 21296K, reserved 1069056K
  class space    used 2301K, capacity 2406K, committed 2432K, reserved 1048576K
}
Event: 5.128 GC heap before
{Heap before GC invocations=8 (full 1):
 PSYoungGen      total 143360K, used 133120K [0x00000000da180000, 0x00000000e3880000, 0x0000000100000000)
  eden space 133120K, 100% used [0x00000000da180000,0x00000000e2380000,0x00000000e2380000)
  from space 10240K, 0% used [0x00000000e2e80000,0x00000000e2e80000,0x00000000e3880000)
  to   space 10752K, 0% used [0x00000000e2380000,0x00000000e2380000,0x00000000e2e00000)
 ParOldGen       total 60928K, used 11372K [0x000000008e400000, 0x0000000091f80000, 0x00000000da180000)
  object space 60928K, 18% used [0x000000008e400000,0x000000008ef1b3d0,0x0000000091f80000)
 Metaspace       used 25824K, capacity 26164K, committed 26368K, reserved 1073152K
  class space    used 2899K, capacity 3002K, committed 3072K, reserved 1048576K
Event: 5.158 GC heap after
Heap after GC invocations=8 (full 1):
 PSYoungGen      total 143872K, used 10751K [0x00000000da180000, 0x00000000e9600000, 0x0000000100000000)
  eden space 133120K, 0% used [0x00000000da180000,0x00000000da180000,0x00000000e2380000)
  from space 10752K, 99% used [0x00000000e2380000,0x00000000e2dffce0,0x00000000e2e00000)
  to   space 15872K, 0% used [0x00000000e8680000,0x00000000e8680000,0x00000000e9600000)
 ParOldGen       total 60928K, used 18836K [0x000000008e400000, 0x0000000091f80000, 0x00000000da180000)
  object space 60928K, 30% used [0x000000008e400000,0x000000008f6650d0,0x0000000091f80000)
 Metaspace       used 25824K, capacity 26164K, committed 26368K, reserved 1073152K
  class space    used 2899K, capacity 3002K, committed 3072K, reserved 1048576K
}

