# JRE version: Java(TM) SE Runtime Environment (8.0_181-b13) (build 1.8.0_181-b13)
# Java VM: Java HotSpot(TM) 64-Bit Server VM (25.181-b13 mixed mode windows-amd64 compressed oops)
Heap:
 PSYoungGen      total 38400K, used 24237K [0x00000000da180000, 0x00000000dec80000, 0x0000000100000000)
  eden space 33280K, 57% used [0x00000000da180000,0x00000000db42f3d8,0x00000000dc200000)
  from space 5120K, 99% used [0x00000000dc200000,0x00000000dc6fc240,0x00000000dc700000)
  to   space 5120K, 0% used [0x00000000de780000,0x00000000de780000,0x00000000dec80000)
 ParOldGen       total 87552K, used 259K [0x000000008e400000, 0x0000000093980000, 0x00000000da180000)
  object space 87552K, 0% used [0x000000008e400000,0x000000008e440c68,0x0000000093980000)
 Metaspace       used 15831K, capacity 15984K, committed 16128K, reserved 1062912K
  class space    used 1691K, capacity 1773K, committed 1792K, reserved 1048576K
GC Heap History (6 events):
Event: 1.206 GC heap before
{Heap before GC invocations=1 (full 0):
 PSYoungGen      total 38400K, used 33280K [0x00000000da180000, 0x00000000dcc00000, 0x0000000100000000)
  eden space 33280K, 100% used [0x00000000da180000,0x00000000dc200000,0x00000000dc200000)
  from space 5120K, 0% used [0x00000000dc700000,0x00000000dc700000,0x00000000dcc00000)
  to   space 5120K, 0% used [0x00000000dc200000,0x00000000dc200000,0x00000000dc700000)
 ParOldGen       total 87552K, used 0K [0x000000008e400000, 0x0000000093980000, 0x00000000da180000)
  object space 87552K, 0% used [0x000000008e400000,0x000000008e400000,0x0000000093980000)
 Metaspace       used 7412K, capacity 7520K, committed 7808K, reserved 1056768K
  class space    used 801K, capacity 848K, committed 896K, reserved 1048576K
Event: 1.214 GC heap after
Heap after GC invocations=1 (full 0):
 PSYoungGen      total 38400K, used 4521K [0x00000000da180000, 0x00000000dcc00000, 0x0000000100000000)
  eden space 33280K, 0% used [0x00000000da180000,0x00000000da180000,0x00000000dc200000)
  from space 5120K, 88% used [0x00000000dc200000,0x00000000dc66a760,0x00000000dc700000)
  to   space 5120K, 0% used [0x00000000dc700000,0x00000000dc700000,0x00000000dcc00000)
 ParOldGen       total 87552K, used 8K [0x000000008e400000, 0x0000000093980000, 0x00000000da180000)
  object space 87552K, 0% used [0x000000008e400000,0x000000008e402000,0x0000000093980000)
 Metaspace       used 7412K, capacity 7520K, committed 7808K, reserved 1056768K
  class space    used 801K, capacity 848K, committed 896K, reserved 1048576K
}
Event: 2.064 GC heap before
{Heap before GC invocations=2 (full 0):
 PSYoungGen      total 38400K, used 37801K [0x00000000da180000, 0x00000000dcc00000, 0x0000000100000000)
  eden space 33280K, 100% used [0x00000000da180000,0x00000000dc200000,0x00000000dc200000)
  from space 5120K, 88% used [0x00000000dc200000,0x00000000dc66a760,0x00000000dc700000)
  to   space 5120K, 0% used [0x00000000dc700000,0x00000000dc700000,0x00000000dcc00000)
 ParOldGen       total 87552K, used 8K [0x000000008e400000, 0x0000000093980000, 0x00000000da180000)
  object space 87552K, 0% used [0x000000008e400000,0x000000008e402000,0x0000000093980000)
 Metaspace       used 10191K, capacity 10342K, committed 10752K, reserved 1058816K
  class space    used 1121K, capacity 1169K, committed 1280K, reserved 1048576K
Event: 2.072 GC heap after
Heap after GC invocations=2 (full 0):
 PSYoungGen      total 38400K, used 4896K [0x00000000da180000, 0x00000000dcc00000, 0x0000000100000000)
  eden space 33280K, 0% used [0x00000000da180000,0x00000000da180000,0x00000000dc200000)
  from space 5120K, 95% used [0x00000000dc700000,0x00000000dcbc81c0,0x00000000dcc00000)
  to   space 5120K, 0% used [0x00000000dc200000,0x00000000dc200000,0x00000000dc700000)
 ParOldGen       total 87552K, used 16K [0x000000008e400000, 0x0000000093980000, 0x00000000da180000)
  object space 87552K, 0% used [0x000000008e400000,0x000000008e404000,0x0000000093980000)
 Metaspace       used 10191K, capacity 10342K, committed 10752K, reserved 1058816K
  class space    used 1121K, capacity 1169K, committed 1280K, reserved 1048576K
}
Event: 2.475 GC heap before
{Heap before GC invocations=3 (full 0):
 PSYoungGen      total 38400K, used 38176K [0x00000000da180000, 0x00000000dcc00000, 0x0000000100000000)
  eden space 33280K, 100% used [0x00000000da180000,0x00000000dc200000,0x00000000dc200000)
  from space 5120K, 95% used [0x00000000dc700000,0x00000000dcbc81c0,0x00000000dcc00000)
  to   space 5120K, 0% used [0x00000000dc200000,0x00000000dc200000,0x00000000dc700000)
 ParOldGen       total 87552K, used 16K [0x000000008e400000, 0x0000000093980000, 0x00000000da180000)
  object space 87552K, 0% used [0x000000008e400000,0x000000008e404000,0x0000000093980000)
 Metaspace       used 12186K, capacity 12298K, committed 12672K, reserved 1060864K
  class space    used 1263K, capacity 1308K, committed 1408K, reserved 1048576K
Event: 2.482 GC heap after
Heap after GC invocations=3 (full 0):
 PSYoungGen      total 38400K, used 5104K [0x00000000da180000, 0x00000000dec80000, 0x0000000100000000)
  eden space 33280K, 0% used [0x00000000da180000,0x00000000da180000,0x00000000dc200000)
  from space 5120K, 99% used [0x00000000dc200000,0x00000000dc6fc240,0x00000000dc700000)
  to   space 5120K, 0% used [0x00000000de780000,0x00000000de780000,0x00000000dec80000)
 ParOldGen       total 87552K, used 259K [0x000000008e400000, 0x0000000093980000, 0x00000000da180000)
  object space 87552K, 0% used [0x000000008e400000,0x000000008e440c68,0x0000000093980000)
 Metaspace       used 12186K, capacity 12298K, committed 12672K, reserved 1060864K
  class space    used 1263K, capacity 1308K, committed 1408K, reserved 1048576K
}

