# JRE version: Java(TM) SE Runtime Environment (8.0_181-b13) (build 1.8.0_181-b13)
# Java VM: Java HotSpot(TM) 64-Bit Server VM (25.181-b13 mixed mode windows-amd64 compressed oops)
Heap:
 PSYoungGen      total 271360K, used 238754K [0x00000000da180000, 0x00000000ec000000, 0x0000000100000000)
  eden space 250368K, 94% used [0x00000000da180000,0x00000000e87a5e30,0x00000000e9600000)
  from space 20992K, 14% used [0x00000000eaa80000,0x00000000ead82b78,0x00000000ebf00000)
  to   space 20992K, 0% used [0x00000000e9600000,0x00000000e9600000,0x00000000eaa80000)
 ParOldGen       total 107520K, used 30073K [0x000000008e400000, 0x0000000094d00000, 0x00000000da180000)
  object space 107520K, 27% used [0x000000008e400000,0x000000009015e720,0x0000000094d00000)
 Metaspace       used 35800K, capacity 37062K, committed 37120K, reserved 1081344K
  class space    used 4234K, capacity 4577K, committed 4608K, reserved 1048576K
GC Heap History (10 events):
Event: 5.095 GC heap before
{Heap before GC invocations=8 (full 1):
 PSYoungGen      total 143872K, used 133120K [0x00000000da180000, 0x00000000e3880000, 0x0000000100000000)
  eden space 133120K, 100% used [0x00000000da180000,0x00000000e2380000,0x00000000e2380000)
  from space 10752K, 0% used [0x00000000e2e00000,0x00000000e2e00000,0x00000000e3880000)
  to   space 10752K, 0% used [0x00000000e2380000,0x00000000e2380000,0x00000000e2e00000)
 ParOldGen       total 68096K, used 15895K [0x000000008e400000, 0x0000000092680000, 0x00000000da180000)
  object space 68096K, 23% used [0x000000008e400000,0x000000008f385cf0,0x0000000092680000)
 Metaspace       used 25816K, capacity 26212K, committed 26368K, reserved 1073152K
  class space    used 2909K, capacity 3038K, committed 3072K, reserved 1048576K
Event: 5.123 GC heap after
Heap after GC invocations=8 (full 1):
 PSYoungGen      total 143872K, used 10722K [0x00000000da180000, 0x00000000e8800000, 0x0000000100000000)
  eden space 133120K, 0% used [0x00000000da180000,0x00000000da180000,0x00000000e2380000)
  from space 10752K, 99% used [0x00000000e2380000,0x00000000e2df8928,0x00000000e2e00000)
  to   space 14848K, 0% used [0x00000000e7980000,0x00000000e7980000,0x00000000e8800000)
 ParOldGen       total 68096K, used 20847K [0x000000008e400000, 0x0000000092680000, 0x00000000da180000)
  object space 68096K, 30% used [0x000000008e400000,0x000000008f85bed0,0x0000000092680000)
 Metaspace       used 25816K, capacity 26212K, committed 26368K, reserved 1073152K
  class space    used 2909K, capacity 3038K, committed 3072K, reserved 1048576K
}
Event: 13.438 GC heap before
{Heap before GC invocations=9 (full 1):
 PSYoungGen      total 143872K, used 143842K [0x00000000da180000, 0x00000000e8800000, 0x0000000100000000)
  eden space 133120K, 100% used [0x00000000da180000,0x00000000e2380000,0x00000000e2380000)
  from space 10752K, 99% used [0x00000000e2380000,0x00000000e2df8928,0x00000000e2e00000)
  to   space 14848K, 0% used [0x00000000e7980000,0x00000000e7980000,0x00000000e8800000)
 ParOldGen       total 68096K, used 20847K [0x000000008e400000, 0x0000000092680000, 0x00000000da180000)
  object space 68096K, 30% used [0x000000008e400000,0x000000008f85bed0,0x0000000092680000)
 Metaspace       used 33749K, capacity 34736K, committed 34816K, reserved 1079296K
  class space    used 4060K, capacity 4322K, committed 4352K, reserved 1048576K
Event: 13.468 GC heap after
Heap after GC invocations=9 (full 1):
 PSYoungGen      total 212480K, used 14833K [0x00000000da180000, 0x00000000e8880000, 0x0000000100000000)
  eden space 197632K, 0% used [0x00000000da180000,0x00000000da180000,0x00000000e6280000)
  from space 14848K, 99% used [0x00000000e7980000,0x00000000e87fc588,0x00000000e8800000)
  to   space 19456K, 0% used [0x00000000e6280000,0x00000000e6280000,0x00000000e7580000)
 ParOldGen       total 68096K, used 26600K [0x000000008e400000, 0x0000000092680000, 0x00000000da180000)
  object space 68096K, 39% used [0x000000008e400000,0x000000008fdfa160,0x0000000092680000)
 Metaspace       used 33749K, capacity 34736K, committed 34816K, reserved 1079296K
  class space    used 4060K, capacity 4322K, committed 4352K, reserved 1048576K
}
Event: 15.344 GC heap before
{Heap before GC invocations=10 (full 1):
 PSYoungGen      total 212480K, used 53256K [0x00000000da180000, 0x00000000e8880000, 0x0000000100000000)
  eden space 197632K, 19% used [0x00000000da180000,0x00000000dc705ab8,0x00000000e6280000)
  from space 14848K, 99% used [0x00000000e7980000,0x00000000e87fc588,0x00000000e8800000)
  to   space 19456K, 0% used [0x00000000e6280000,0x00000000e6280000,0x00000000e7580000)
 ParOldGen       total 68096K, used 26600K [0x000000008e400000, 0x0000000092680000, 0x00000000da180000)
  object space 68096K, 39% used [0x000000008e400000,0x000000008fdfa160,0x0000000092680000)
 Metaspace       used 34319K, capacity 35340K, committed 35456K, reserved 1081344K
  class space    used 4118K, capacity 4415K, committed 4480K, reserved 1048576K
Event: 15.366 GC heap after
Heap after GC invocations=10 (full 1):
 PSYoungGen      total 217088K, used 15970K [0x00000000da180000, 0x00000000ebf00000, 0x0000000100000000)
  eden space 197632K, 0% used [0x00000000da180000,0x00000000da180000,0x00000000e6280000)
  from space 19456K, 82% used [0x00000000e6280000,0x00000000e7218b30,0x00000000e7580000)
  to   space 20992K, 0% used [0x00000000eaa80000,0x00000000eaa80000,0x00000000ebf00000)
 ParOldGen       total 68096K, used 26608K [0x000000008e400000, 0x0000000092680000, 0x00000000da180000)
  object space 68096K, 39% used [0x000000008e400000,0x000000008fdfc160,0x0000000092680000)
 Metaspace       used 34319K, capacity 35340K, committed 35456K, reserved 1081344K
  class space    used 4118K, capacity 4415K, committed 4480K, reserved 1048576K
}
Event: 15.366 GC heap before
{Heap before GC invocations=11 (full 2):
 PSYoungGen      total 217088K, used 15970K [0x00000000da180000, 0x00000000ebf00000, 0x0000000100000000)
  eden space 197632K, 0% used [0x00000000da180000,0x00000000da180000,0x00000000e6280000)
  from space 19456K, 82% used [0x00000000e6280000,0x00000000e7218b30,0x00000000e7580000)
  to   space 20992K, 0% used [0x00000000eaa80000,0x00000000eaa80000,0x00000000ebf00000)
 ParOldGen       total 68096K, used 26608K [0x000000008e400000, 0x0000000092680000, 0x00000000da180000)
  object space 68096K, 39% used [0x000000008e400000,0x000000008fdfc160,0x0000000092680000)
 Metaspace       used 34319K, capacity 35340K, committed 35456K, reserved 1081344K
  class space    used 4118K, capacity 4415K, committed 4480K, reserved 1048576K
Event: 15.549 GC heap after
Heap after GC invocations=11 (full 2):
 PSYoungGen      total 217088K, used 0K [0x00000000da180000, 0x00000000ebf00000, 0x0000000100000000)
  eden space 197632K, 0% used [0x00000000da180000,0x00000000da180000,0x00000000e6280000)
  from space 19456K, 0% used [0x00000000e6280000,0x00000000e6280000,0x00000000e7580000)
  to   space 20992K, 0% used [0x00000000eaa80000,0x00000000eaa80000,0x00000000ebf00000)
 ParOldGen       total 107520K, used 30065K [0x000000008e400000, 0x0000000094d00000, 0x00000000da180000)
  object space 107520K, 27% used [0x000000008e400000,0x000000009015c720,0x0000000094d00000)
 Metaspace       used 34316K, capacity 35332K, committed 35456K, reserved 1081344K
  class space    used 4117K, capacity 4413K, committed 4480K, reserved 1048576K
}
Event: 20.917 GC heap before
{Heap before GC invocations=12 (full 2):
 PSYoungGen      total 217088K, used 197632K [0x00000000da180000, 0x00000000ebf00000, 0x0000000100000000)
  eden space 197632K, 100% used [0x00000000da180000,0x00000000e6280000,0x00000000e6280000)
  from space 19456K, 0% used [0x00000000e6280000,0x00000000e6280000,0x00000000e7580000)
  to   space 20992K, 0% used [0x00000000eaa80000,0x00000000eaa80000,0x00000000ebf00000)
 ParOldGen       total 107520K, used 30065K [0x000000008e400000, 0x0000000094d00000, 0x00000000da180000)
  object space 107520K, 27% used [0x000000008e400000,0x000000009015c720,0x0000000094d00000)
 Metaspace       used 35114K, capacity 36274K, committed 36608K, reserved 1081344K
  class space    used 4176K, capacity 4481K, committed 4608K, reserved 1048576K
Event: 20.931 GC heap after
Heap after GC invocations=12 (full 2):
 PSYoungGen      total 271360K, used 3082K [0x00000000da180000, 0x00000000ec000000, 0x0000000100000000)
  eden space 250368K, 0% used [0x00000000da180000,0x00000000da180000,0x00000000e9600000)
  from space 20992K, 14% used [0x00000000eaa80000,0x00000000ead82b78,0x00000000ebf00000)
  to   space 20992K, 0% used [0x00000000e9600000,0x00000000e9600000,0x00000000eaa80000)
 ParOldGen       total 107520K, used 30073K [0x000000008e400000, 0x0000000094d00000, 0x00000000da180000)
  object space 107520K, 27% used [0x000000008e400000,0x000000009015e720,0x0000000094d00000)
 Metaspace       used 35114K, capacity 36274K, committed 36608K, reserved 1081344K
  class space    used 4176K, capacity 4481K, committed 4608K, reserved 1048576K
}

