# JRE version: Java(TM) SE Runtime Environment (8.0_181-b13) (build 1.8.0_181-b13)
# Java VM: Java HotSpot(TM) 64-Bit Server VM (25.181-b13 mixed mode windows-amd64 compressed oops)
Heap:
 PSYoungGen      total 143872K, used 114162K [0x00000000da180000, 0x00000000e8780000, 0x0000000100000000)
  eden space 133120K, 77% used [0x00000000da180000,0x00000000e0680790,0x00000000e2380000)
  from space 10752K, 99% used [0x00000000e2380000,0x00000000e2dfc0c0,0x00000000e2e00000)
  to   space 14848K, 0% used [0x00000000e7900000,0x00000000e7900000,0x00000000e8780000)
 ParOldGen       total 67584K, used 18815K [0x000000008e400000, 0x0000000092600000, 0x00000000da180000)
  object space 67584K, 27% used [0x000000008e400000,0x000000008f65fdb0,0x0000000092600000)
 Metaspace       used 33312K, capacity 34230K, committed 34560K, reserved 1079296K
  class space    used 4011K, capacity 4241K, committed 4352K, reserved 1048576K
GC Heap History (10 events):
Event: 2.406 GC heap before
{Heap before GC invocations=4 (full 0):
 PSYoungGen      total 38400K, used 38387K [0x00000000da180000, 0x00000000dec80000, 0x0000000100000000)
  eden space 33280K, 100% used [0x00000000da180000,0x00000000dc200000,0x00000000dc200000)
  from space 5120K, 99% used [0x00000000dc200000,0x00000000dc6fce68,0x00000000dc700000)
  to   space 5120K, 0% used [0x00000000de780000,0x00000000de780000,0x00000000dec80000)
 ParOldGen       total 87552K, used 267K [0x000000008e400000, 0x0000000093980000, 0x00000000da180000)
  object space 87552K, 0% used [0x000000008e400000,0x000000008e442c68,0x0000000093980000)
 Metaspace       used 17005K, capacity 17184K, committed 17408K, reserved 1064960K
  class space    used 1866K, capacity 1933K, committed 2048K, reserved 1048576K
Event: 2.418 GC heap after
Heap after GC invocations=4 (full 0):
 PSYoungGen      total 71680K, used 5113K [0x00000000da180000, 0x00000000dec80000, 0x0000000100000000)
  eden space 66560K, 0% used [0x00000000da180000,0x00000000da180000,0x00000000de280000)
  from space 5120K, 99% used [0x00000000de780000,0x00000000dec7e460,0x00000000dec80000)
  to   space 5120K, 0% used [0x00000000de280000,0x00000000de280000,0x00000000de780000)
 ParOldGen       total 87552K, used 3321K [0x000000008e400000, 0x0000000093980000, 0x00000000da180000)
  object space 87552K, 3% used [0x000000008e400000,0x000000008e73e510,0x0000000093980000)
 Metaspace       used 17005K, capacity 17184K, committed 17408K, reserved 1064960K
  class space    used 1866K, capacity 1933K, committed 2048K, reserved 1048576K
}
Event: 3.390 GC heap before
{Heap before GC invocations=5 (full 0):
 PSYoungGen      total 71680K, used 71673K [0x00000000da180000, 0x00000000dec80000, 0x0000000100000000)
  eden space 66560K, 100% used [0x00000000da180000,0x00000000de280000,0x00000000de280000)
  from space 5120K, 99% used [0x00000000de780000,0x00000000dec7e460,0x00000000dec80000)
  to   space 5120K, 0% used [0x00000000de280000,0x00000000de280000,0x00000000de780000)
 ParOldGen       total 87552K, used 3321K [0x000000008e400000, 0x0000000093980000, 0x00000000da180000)
  object space 87552K, 3% used [0x000000008e400000,0x000000008e73e510,0x0000000093980000)
 Metaspace       used 20756K, capacity 21040K, committed 21120K, reserved 1069056K
  class space    used 2297K, capacity 2406K, committed 2432K, reserved 1048576K
Event: 3.424 GC heap after
Heap after GC invocations=5 (full 0):
 PSYoungGen      total 71680K, used 5088K [0x00000000da180000, 0x00000000e3880000, 0x0000000100000000)
  eden space 66560K, 0% used [0x00000000da180000,0x00000000da180000,0x00000000de280000)
  from space 5120K, 99% used [0x00000000de280000,0x00000000de778380,0x00000000de780000)
  to   space 10752K, 0% used [0x00000000e2e00000,0x00000000e2e00000,0x00000000e3880000)
 ParOldGen       total 87552K, used 8596K [0x000000008e400000, 0x0000000093980000, 0x00000000da180000)
  object space 87552K, 9% used [0x000000008e400000,0x000000008ec65008,0x0000000093980000)
 Metaspace       used 20756K, capacity 21040K, committed 21120K, reserved 1069056K
  class space    used 2297K, capacity 2406K, committed 2432K, reserved 1048576K
}
Event: 3.610 GC heap before
{Heap before GC invocations=6 (full 0):
 PSYoungGen      total 71680K, used 35525K [0x00000000da180000, 0x00000000e3880000, 0x0000000100000000)
  eden space 66560K, 45% used [0x00000000da180000,0x00000000dbf39328,0x00000000de280000)
  from space 5120K, 99% used [0x00000000de280000,0x00000000de778380,0x00000000de780000)
  to   space 10752K, 0% used [0x00000000e2e00000,0x00000000e2e00000,0x00000000e3880000)
 ParOldGen       total 87552K, used 8596K [0x000000008e400000, 0x0000000093980000, 0x00000000da180000)
  object space 87552K, 9% used [0x000000008e400000,0x000000008ec65008,0x0000000093980000)
 Metaspace       used 20944K, capacity 21168K, committed 21296K, reserved 1069056K
  class space    used 2312K, capacity 2406K, committed 2432K, reserved 1048576K
Event: 3.625 GC heap after
Heap after GC invocations=6 (full 0):
 PSYoungGen      total 143872K, used 7863K [0x00000000da180000, 0x00000000e3880000, 0x0000000100000000)
  eden space 133120K, 0% used [0x00000000da180000,0x00000000da180000,0x00000000e2380000)
  from space 10752K, 73% used [0x00000000e2e00000,0x00000000e35adf88,0x00000000e3880000)
  to   space 10752K, 0% used [0x00000000e2380000,0x00000000e2380000,0x00000000e2e00000)
 ParOldGen       total 87552K, used 8604K [0x000000008e400000, 0x0000000093980000, 0x00000000da180000)
  object space 87552K, 9% used [0x000000008e400000,0x000000008ec67008,0x0000000093980000)
 Metaspace       used 20944K, capacity 21168K, committed 21296K, reserved 1069056K
  class space    used 2312K, capacity 2406K, committed 2432K, reserved 1048576K
}
Event: 3.625 GC heap before
{Heap before GC invocations=7 (full 1):
 PSYoungGen      total 143872K, used 7863K [0x00000000da180000, 0x00000000e3880000, 0x0000000100000000)
  eden space 133120K, 0% used [0x00000000da180000,0x00000000da180000,0x00000000e2380000)
  from space 10752K, 73% used [0x00000000e2e00000,0x00000000e35adf88,0x00000000e3880000)
  to   space 10752K, 0% used [0x00000000e2380000,0x00000000e2380000,0x00000000e2e00000)
 ParOldGen       total 87552K, used 8604K [0x000000008e400000, 0x0000000093980000, 0x00000000da180000)
  object space 87552K, 9% used [0x000000008e400000,0x000000008ec67008,0x0000000093980000)
 Metaspace       used 20944K, capacity 21168K, committed 21296K, reserved 1069056K
  class space    used 2312K, capacity 2406K, committed 2432K, reserved 1048576K
Event: 3.727 GC heap after
Heap after GC invocations=7 (full 1):
 PSYoungGen      total 143872K, used 0K [0x00000000da180000, 0x00000000e3880000, 0x0000000100000000)
  eden space 133120K, 0% used [0x00000000da180000,0x00000000da180000,0x00000000e2380000)
  from space 10752K, 0% used [0x00000000e2e00000,0x00000000e2e00000,0x00000000e3880000)
  to   space 10752K, 0% used [0x00000000e2380000,0x00000000e2380000,0x00000000e2e00000)
 ParOldGen       total 67584K, used 13881K [0x000000008e400000, 0x0000000092600000, 0x00000000da180000)
  object space 67584K, 20% used [0x000000008e400000,0x000000008f18e4b8,0x0000000092600000)
 Metaspace       used 20944K, capacity 21168K, committed 21296K, reserved 1069056K
  class space    used 2312K, capacity 2406K, committed 2432K, reserved 1048576K
}
Event: 5.258 GC heap before
{Heap before GC invocations=8 (full 1):
 PSYoungGen      total 143872K, used 133120K [0x00000000da180000, 0x00000000e3880000, 0x0000000100000000)
  eden space 133120K, 100% used [0x00000000da180000,0x00000000e2380000,0x00000000e2380000)
  from space 10752K, 0% used [0x00000000e2e00000,0x00000000e2e00000,0x00000000e3880000)
  to   space 10752K, 0% used [0x00000000e2380000,0x00000000e2380000,0x00000000e2e00000)
 ParOldGen       total 67584K, used 13881K [0x000000008e400000, 0x0000000092600000, 0x00000000da180000)
  object space 67584K, 20% used [0x000000008e400000,0x000000008f18e4b8,0x0000000092600000)
 Metaspace       used 25825K, capacity 26228K, committed 26368K, reserved 1073152K
  class space    used 2916K, capacity 3038K, committed 3072K, reserved 1048576K
Event: 5.300 GC heap after
Heap after GC invocations=8 (full 1):
 PSYoungGen      total 143872K, used 10736K [0x00000000da180000, 0x00000000e8780000, 0x0000000100000000)
  eden space 133120K, 0% used [0x00000000da180000,0x00000000da180000,0x00000000e2380000)
  from space 10752K, 99% used [0x00000000e2380000,0x00000000e2dfc0c0,0x00000000e2e00000)
  to   space 14848K, 0% used [0x00000000e7900000,0x00000000e7900000,0x00000000e8780000)
 ParOldGen       total 67584K, used 18815K [0x000000008e400000, 0x0000000092600000, 0x00000000da180000)
  object space 67584K, 27% used [0x000000008e400000,0x000000008f65fdb0,0x0000000092600000)
 Metaspace       used 25825K, capacity 26228K, committed 26368K, reserved 1073152K
  class space    used 2916K, capacity 3038K, committed 3072K, reserved 1048576K
}

