# JRE version: Java(TM) SE Runtime Environment (8.0_181-b13) (build 1.8.0_181-b13)
# Java VM: Java HotSpot(TM) 64-Bit Server VM (25.181-b13 mixed mode windows-amd64 compressed oops)
Heap:
 PSYoungGen      total 203776K, used 44240K [0x00000000da180000, 0x00000000e7f00000, 0x0000000100000000)
  eden space 188928K, 15% used [0x00000000da180000,0x00000000dbe37fc8,0x00000000e5a00000)
  from space 14848K, 99% used [0x00000000e6d80000,0x00000000e7bfc1b8,0x00000000e7c00000)
  to   space 18944K, 0% used [0x00000000e5a00000,0x00000000e5a00000,0x00000000e6c80000)
 ParOldGen       total 69120K, used 22257K [0x000000008e400000, 0x0000000092780000, 0x00000000da180000)
  object space 69120K, 32% used [0x000000008e400000,0x000000008f9bc4d0,0x0000000092780000)
 Metaspace       used 33353K, capacity 34288K, committed 34432K, reserved 1079296K
  class space    used 3967K, capacity 4194K, committed 4224K, reserved 1048576K
GC Heap History (10 events):
Event: 3.120 GC heap before
{Heap before GC invocations=5 (full 0):
 PSYoungGen      total 71680K, used 71669K [0x00000000da180000, 0x00000000dec80000, 0x0000000100000000)
  eden space 66560K, 100% used [0x00000000da180000,0x00000000de280000,0x00000000de280000)
  from space 5120K, 99% used [0x00000000de780000,0x00000000dec7d440,0x00000000dec80000)
  to   space 5120K, 0% used [0x00000000de280000,0x00000000de280000,0x00000000de780000)
 ParOldGen       total 87552K, used 3351K [0x000000008e400000, 0x0000000093980000, 0x00000000da180000)
  object space 87552K, 3% used [0x000000008e400000,0x000000008e745d80,0x0000000093980000)
 Metaspace       used 19974K, capacity 20242K, committed 20608K, reserved 1067008K
  class space    used 2229K, capacity 2341K, committed 2432K, reserved 1048576K
Event: 3.150 GC heap after
Heap after GC invocations=5 (full 0):
 PSYoungGen      total 71680K, used 5088K [0x00000000da180000, 0x00000000e3780000, 0x0000000100000000)
  eden space 66560K, 0% used [0x00000000da180000,0x00000000da180000,0x00000000de280000)
  from space 5120K, 99% used [0x00000000de280000,0x00000000de778380,0x00000000de780000)
  to   space 10240K, 0% used [0x00000000e2d80000,0x00000000e2d80000,0x00000000e3780000)
 ParOldGen       total 87552K, used 7716K [0x000000008e400000, 0x0000000093980000, 0x00000000da180000)
  object space 87552K, 8% used [0x000000008e400000,0x000000008eb89270,0x0000000093980000)
 Metaspace       used 19974K, capacity 20242K, committed 20608K, reserved 1067008K
  class space    used 2229K, capacity 2341K, committed 2432K, reserved 1048576K
}
Event: 3.521 GC heap before
{Heap before GC invocations=6 (full 0):
 PSYoungGen      total 71680K, used 40846K [0x00000000da180000, 0x00000000e3780000, 0x0000000100000000)
  eden space 66560K, 53% used [0x00000000da180000,0x00000000dc46b830,0x00000000de280000)
  from space 5120K, 99% used [0x00000000de280000,0x00000000de778380,0x00000000de780000)
  to   space 10240K, 0% used [0x00000000e2d80000,0x00000000e2d80000,0x00000000e3780000)
 ParOldGen       total 87552K, used 7716K [0x000000008e400000, 0x0000000093980000, 0x00000000da180000)
  object space 87552K, 8% used [0x000000008e400000,0x000000008eb89270,0x0000000093980000)
 Metaspace       used 20892K, capacity 21176K, committed 21296K, reserved 1069056K
  class space    used 2310K, capacity 2413K, committed 2432K, reserved 1048576K
Event: 3.539 GC heap after
Heap after GC invocations=6 (full 0):
 PSYoungGen      total 142336K, used 8760K [0x00000000da180000, 0x00000000e3980000, 0x0000000100000000)
  eden space 132096K, 0% used [0x00000000da180000,0x00000000da180000,0x00000000e2280000)
  from space 10240K, 85% used [0x00000000e2d80000,0x00000000e360e008,0x00000000e3780000)
  to   space 11264K, 0% used [0x00000000e2280000,0x00000000e2280000,0x00000000e2d80000)
 ParOldGen       total 87552K, used 7716K [0x000000008e400000, 0x0000000093980000, 0x00000000da180000)
  object space 87552K, 8% used [0x000000008e400000,0x000000008eb89270,0x0000000093980000)
 Metaspace       used 20892K, capacity 21176K, committed 21296K, reserved 1069056K
  class space    used 2310K, capacity 2413K, committed 2432K, reserved 1048576K
}
Event: 3.539 GC heap before
{Heap before GC invocations=7 (full 1):
 PSYoungGen      total 142336K, used 8760K [0x00000000da180000, 0x00000000e3980000, 0x0000000100000000)
  eden space 132096K, 0% used [0x00000000da180000,0x00000000da180000,0x00000000e2280000)
  from space 10240K, 85% used [0x00000000e2d80000,0x00000000e360e008,0x00000000e3780000)
  to   space 11264K, 0% used [0x00000000e2280000,0x00000000e2280000,0x00000000e2d80000)
 ParOldGen       total 87552K, used 7716K [0x000000008e400000, 0x0000000093980000, 0x00000000da180000)
  object space 87552K, 8% used [0x000000008e400000,0x000000008eb89270,0x0000000093980000)
 Metaspace       used 20892K, capacity 21176K, committed 21296K, reserved 1069056K
  class space    used 2310K, capacity 2413K, committed 2432K, reserved 1048576K
Event: 3.643 GC heap after
Heap after GC invocations=7 (full 1):
 PSYoungGen      total 142336K, used 0K [0x00000000da180000, 0x00000000e3980000, 0x0000000100000000)
  eden space 132096K, 0% used [0x00000000da180000,0x00000000da180000,0x00000000e2280000)
  from space 10240K, 0% used [0x00000000e2d80000,0x00000000e2d80000,0x00000000e3780000)
  to   space 11264K, 0% used [0x00000000e2280000,0x00000000e2280000,0x00000000e2d80000)
 ParOldGen       total 69120K, used 13818K [0x000000008e400000, 0x0000000092780000, 0x00000000da180000)
  object space 69120K, 19% used [0x000000008e400000,0x000000008f17e9e0,0x0000000092780000)
 Metaspace       used 20892K, capacity 21176K, committed 21296K, reserved 1069056K
  class space    used 2310K, capacity 2413K, committed 2432K, reserved 1048576K
}
Event: 5.190 GC heap before
{Heap before GC invocations=8 (full 1):
 PSYoungGen      total 142336K, used 132096K [0x00000000da180000, 0x00000000e3980000, 0x0000000100000000)
  eden space 132096K, 100% used [0x00000000da180000,0x00000000e2280000,0x00000000e2280000)
  from space 10240K, 0% used [0x00000000e2d80000,0x00000000e2d80000,0x00000000e3780000)
  to   space 11264K, 0% used [0x00000000e2280000,0x00000000e2280000,0x00000000e2d80000)
 ParOldGen       total 69120K, used 13818K [0x000000008e400000, 0x0000000092780000, 0x00000000da180000)
  object space 69120K, 19% used [0x000000008e400000,0x000000008f17e9e0,0x0000000092780000)
 Metaspace       used 25866K, capacity 26284K, committed 26624K, reserved 1073152K
  class space    used 2908K, capacity 3041K, committed 3072K, reserved 1048576K
Event: 5.221 GC heap after
Heap after GC invocations=8 (full 1):
 PSYoungGen      total 143360K, used 11243K [0x00000000da180000, 0x00000000e7c00000, 0x0000000100000000)
  eden space 132096K, 0% used [0x00000000da180000,0x00000000da180000,0x00000000e2280000)
  from space 11264K, 99% used [0x00000000e2280000,0x00000000e2d7afe8,0x00000000e2d80000)
  to   space 14848K, 0% used [0x00000000e6d80000,0x00000000e6d80000,0x00000000e7c00000)
 ParOldGen       total 69120K, used 18274K [0x000000008e400000, 0x0000000092780000, 0x00000000da180000)
  object space 69120K, 26% used [0x000000008e400000,0x000000008f5d88c0,0x0000000092780000)
 Metaspace       used 25866K, capacity 26284K, committed 26624K, reserved 1073152K
  class space    used 2908K, capacity 3041K, committed 3072K, reserved 1048576K
}
Event: 8.224 GC heap before
{Heap before GC invocations=9 (full 1):
 PSYoungGen      total 143360K, used 143339K [0x00000000da180000, 0x00000000e7c00000, 0x0000000100000000)
  eden space 132096K, 100% used [0x00000000da180000,0x00000000e2280000,0x00000000e2280000)
  from space 11264K, 99% used [0x00000000e2280000,0x00000000e2d7afe8,0x00000000e2d80000)
  to   space 14848K, 0% used [0x00000000e6d80000,0x00000000e6d80000,0x00000000e7c00000)
 ParOldGen       total 69120K, used 18274K [0x000000008e400000, 0x0000000092780000, 0x00000000da180000)
  object space 69120K, 26% used [0x000000008e400000,0x000000008f5d88c0,0x0000000092780000)
 Metaspace       used 33224K, capacity 34208K, committed 34432K, reserved 1079296K
  class space    used 3965K, capacity 4191K, committed 4224K, reserved 1048576K
Event: 8.255 GC heap after
Heap after GC invocations=9 (full 1):
 PSYoungGen      total 203776K, used 14832K [0x00000000da180000, 0x00000000e7f00000, 0x0000000100000000)
  eden space 188928K, 0% used [0x00000000da180000,0x00000000da180000,0x00000000e5a00000)
  from space 14848K, 99% used [0x00000000e6d80000,0x00000000e7bfc1b8,0x00000000e7c00000)
  to   space 18944K, 0% used [0x00000000e5a00000,0x00000000e5a00000,0x00000000e6c80000)
 ParOldGen       total 69120K, used 22257K [0x000000008e400000, 0x0000000092780000, 0x00000000da180000)
  object space 69120K, 32% used [0x000000008e400000,0x000000008f9bc4d0,0x0000000092780000)
 Metaspace       used 33224K, capacity 34208K, committed 34432K, reserved 1079296K
  class space    used 3965K, capacity 4191K, committed 4224K, reserved 1048576K
}

